

Started GET "/" for 127.0.0.1 at 2019-10-16 13:37:56 +0530

ActiveRecord::ConnectionNotEstablished (ActiveRecord::ConnectionNotEstablished):
  activerecord (4.1.12) lib/active_record/connection_adapters/abstract/connection_pool.rb:541:in `retrieve_connection'
  activerecord (4.1.12) lib/active_record/connection_handling.rb:113:in `retrieve_connection'
  activerecord (4.1.12) lib/active_record/connection_handling.rb:87:in `connection'
  activerecord (4.1.12) lib/active_record/query_cache.rb:51:in `restore_query_cache_settings'
  activerecord (4.1.12) lib/active_record/query_cache.rb:43:in `rescue in call'
  activerecord (4.1.12) lib/active_record/query_cache.rb:32:in `call'
  activerecord (4.1.12) lib/active_record/connection_adapters/abstract/connection_pool.rb:621:in `call'
  activerecord (4.1.12) lib/active_record/migration.rb:380:in `call'
  actionpack (4.1.12) lib/action_dispatch/middleware/callbacks.rb:29:in `block in call'
  activesupport (4.1.12) lib/active_support/callbacks.rb:82:in `run_callbacks'
  actionpack (4.1.12) lib/action_dispatch/middleware/callbacks.rb:27:in `call'
  actionpack (4.1.12) lib/action_dispatch/middleware/reloader.rb:73:in `call'
  actionpack (4.1.12) lib/action_dispatch/middleware/remote_ip.rb:76:in `call'
  actionpack (4.1.12) lib/action_dispatch/middleware/debug_exceptions.rb:17:in `call'
  actionpack (4.1.12) lib/action_dispatch/middleware/show_exceptions.rb:30:in `call'
  railties (4.1.12) lib/rails/rack/logger.rb:38:in `call_app'
  railties (4.1.12) lib/rails/rack/logger.rb:20:in `block in call'
  activesupport (4.1.12) lib/active_support/tagged_logging.rb:68:in `block in tagged'
  activesupport (4.1.12) lib/active_support/tagged_logging.rb:26:in `tagged'
  activesupport (4.1.12) lib/active_support/tagged_logging.rb:68:in `tagged'
  railties (4.1.12) lib/rails/rack/logger.rb:20:in `call'
  actionpack (4.1.12) lib/action_dispatch/middleware/request_id.rb:21:in `call'
  rack (1.5.5) lib/rack/methodoverride.rb:21:in `call'
  rack (1.5.5) lib/rack/runtime.rb:17:in `call'
  activesupport (4.1.12) lib/active_support/cache/strategy/local_cache_middleware.rb:26:in `call'
  rack (1.5.5) lib/rack/lock.rb:17:in `call'
  actionpack (4.1.12) lib/action_dispatch/middleware/static.rb:84:in `call'
  rack (1.5.5) lib/rack/sendfile.rb:112:in `call'
  railties (4.1.12) lib/rails/engine.rb:514:in `call'
  railties (4.1.12) lib/rails/application.rb:144:in `call'
  rack (1.5.5) lib/rack/lock.rb:17:in `call'
  rack (1.5.5) lib/rack/content_length.rb:14:in `call'
  rack (1.5.5) lib/rack/handler/webrick.rb:60:in `service'
  c:/Ruby23-x64/lib/ruby/2.3.0/webrick/httpserver.rb:140:in `service'
  c:/Ruby23-x64/lib/ruby/2.3.0/webrick/httpserver.rb:96:in `run'
  c:/Ruby23-x64/lib/ruby/2.3.0/webrick/server.rb:296:in `block in start_thread'


  Rendered c:/Ruby23-x64/lib/ruby/gems/2.3.0/gems/actionpack-4.1.12/lib/action_dispatch/middleware/templates/rescues/_source.erb (1.0ms)
  Rendered c:/Ruby23-x64/lib/ruby/gems/2.3.0/gems/actionpack-4.1.12/lib/action_dispatch/middleware/templates/rescues/_trace.html.erb (1.0ms)
  Rendered c:/Ruby23-x64/lib/ruby/gems/2.3.0/gems/actionpack-4.1.12/lib/action_dispatch/middleware/templates/rescues/_request_and_response.html.erb (1.0ms)
  Rendered c:/Ruby23-x64/lib/ruby/gems/2.3.0/gems/actionpack-4.1.12/lib/action_dispatch/middleware/templates/rescues/diagnostics.erb within rescues/layout (775.8ms)


Started GET "/" for 127.0.0.1 at 2019-10-16 13:39:21 +0530

ActiveRecord::ConnectionNotEstablished (ActiveRecord::ConnectionNotEstablished):
  activerecord (4.1.12) lib/active_record/connection_adapters/abstract/connection_pool.rb:541:in `retrieve_connection'
  activerecord (4.1.12) lib/active_record/connection_handling.rb:113:in `retrieve_connection'
  activerecord (4.1.12) lib/active_record/connection_handling.rb:87:in `connection'
  activerecord (4.1.12) lib/active_record/query_cache.rb:51:in `restore_query_cache_settings'
  activerecord (4.1.12) lib/active_record/query_cache.rb:43:in `rescue in call'
  activerecord (4.1.12) lib/active_record/query_cache.rb:32:in `call'
  activerecord (4.1.12) lib/active_record/connection_adapters/abstract/connection_pool.rb:621:in `call'
  activerecord (4.1.12) lib/active_record/migration.rb:380:in `call'
  actionpack (4.1.12) lib/action_dispatch/middleware/callbacks.rb:29:in `block in call'
  activesupport (4.1.12) lib/active_support/callbacks.rb:82:in `run_callbacks'
  actionpack (4.1.12) lib/action_dispatch/middleware/callbacks.rb:27:in `call'
  actionpack (4.1.12) lib/action_dispatch/middleware/reloader.rb:73:in `call'
  actionpack (4.1.12) lib/action_dispatch/middleware/remote_ip.rb:76:in `call'
  actionpack (4.1.12) lib/action_dispatch/middleware/debug_exceptions.rb:17:in `call'
  actionpack (4.1.12) lib/action_dispatch/middleware/show_exceptions.rb:30:in `call'
  railties (4.1.12) lib/rails/rack/logger.rb:38:in `call_app'
  railties (4.1.12) lib/rails/rack/logger.rb:20:in `block in call'
  activesupport (4.1.12) lib/active_support/tagged_logging.rb:68:in `block in tagged'
  activesupport (4.1.12) lib/active_support/tagged_logging.rb:26:in `tagged'
  activesupport (4.1.12) lib/active_support/tagged_logging.rb:68:in `tagged'
  railties (4.1.12) lib/rails/rack/logger.rb:20:in `call'
  actionpack (4.1.12) lib/action_dispatch/middleware/request_id.rb:21:in `call'
  rack (1.5.5) lib/rack/methodoverride.rb:21:in `call'
  rack (1.5.5) lib/rack/runtime.rb:17:in `call'
  activesupport (4.1.12) lib/active_support/cache/strategy/local_cache_middleware.rb:26:in `call'
  rack (1.5.5) lib/rack/lock.rb:17:in `call'
  actionpack (4.1.12) lib/action_dispatch/middleware/static.rb:84:in `call'
  rack (1.5.5) lib/rack/sendfile.rb:112:in `call'
  railties (4.1.12) lib/rails/engine.rb:514:in `call'
  railties (4.1.12) lib/rails/application.rb:144:in `call'
  rack (1.5.5) lib/rack/lock.rb:17:in `call'
  rack (1.5.5) lib/rack/content_length.rb:14:in `call'
  rack (1.5.5) lib/rack/handler/webrick.rb:60:in `service'
  c:/Ruby23-x64/lib/ruby/2.3.0/webrick/httpserver.rb:140:in `service'
  c:/Ruby23-x64/lib/ruby/2.3.0/webrick/httpserver.rb:96:in `run'
  c:/Ruby23-x64/lib/ruby/2.3.0/webrick/server.rb:296:in `block in start_thread'


  Rendered c:/Ruby23-x64/lib/ruby/gems/2.3.0/gems/actionpack-4.1.12/lib/action_dispatch/middleware/templates/rescues/_source.erb (1.0ms)
  Rendered c:/Ruby23-x64/lib/ruby/gems/2.3.0/gems/actionpack-4.1.12/lib/action_dispatch/middleware/templates/rescues/_trace.html.erb (1.0ms)
  Rendered c:/Ruby23-x64/lib/ruby/gems/2.3.0/gems/actionpack-4.1.12/lib/action_dispatch/middleware/templates/rescues/_request_and_response.html.erb (3.0ms)
  Rendered c:/Ruby23-x64/lib/ruby/gems/2.3.0/gems/actionpack-4.1.12/lib/action_dispatch/middleware/templates/rescues/diagnostics.erb within rescues/layout (761.5ms)


Started GET "/" for 127.0.0.1 at 2019-10-16 13:41:43 +0530

ActiveRecord::ConnectionNotEstablished (ActiveRecord::ConnectionNotEstablished):
  activerecord (4.1.12) lib/active_record/connection_adapters/abstract/connection_pool.rb:541:in `retrieve_connection'
  activerecord (4.1.12) lib/active_record/connection_handling.rb:113:in `retrieve_connection'
  activerecord (4.1.12) lib/active_record/connection_handling.rb:87:in `connection'
  activerecord (4.1.12) lib/active_record/query_cache.rb:51:in `restore_query_cache_settings'
  activerecord (4.1.12) lib/active_record/query_cache.rb:43:in `rescue in call'
  activerecord (4.1.12) lib/active_record/query_cache.rb:32:in `call'
  activerecord (4.1.12) lib/active_record/connection_adapters/abstract/connection_pool.rb:621:in `call'
  activerecord (4.1.12) lib/active_record/migration.rb:380:in `call'
  actionpack (4.1.12) lib/action_dispatch/middleware/callbacks.rb:29:in `block in call'
  activesupport (4.1.12) lib/active_support/callbacks.rb:82:in `run_callbacks'
  actionpack (4.1.12) lib/action_dispatch/middleware/callbacks.rb:27:in `call'
  actionpack (4.1.12) lib/action_dispatch/middleware/reloader.rb:73:in `call'
  actionpack (4.1.12) lib/action_dispatch/middleware/remote_ip.rb:76:in `call'
  actionpack (4.1.12) lib/action_dispatch/middleware/debug_exceptions.rb:17:in `call'
  actionpack (4.1.12) lib/action_dispatch/middleware/show_exceptions.rb:30:in `call'
  railties (4.1.12) lib/rails/rack/logger.rb:38:in `call_app'
  railties (4.1.12) lib/rails/rack/logger.rb:20:in `block in call'
  activesupport (4.1.12) lib/active_support/tagged_logging.rb:68:in `block in tagged'
  activesupport (4.1.12) lib/active_support/tagged_logging.rb:26:in `tagged'
  activesupport (4.1.12) lib/active_support/tagged_logging.rb:68:in `tagged'
  railties (4.1.12) lib/rails/rack/logger.rb:20:in `call'
  actionpack (4.1.12) lib/action_dispatch/middleware/request_id.rb:21:in `call'
  rack (1.5.5) lib/rack/methodoverride.rb:21:in `call'
  rack (1.5.5) lib/rack/runtime.rb:17:in `call'
  activesupport (4.1.12) lib/active_support/cache/strategy/local_cache_middleware.rb:26:in `call'
  rack (1.5.5) lib/rack/lock.rb:17:in `call'
  actionpack (4.1.12) lib/action_dispatch/middleware/static.rb:84:in `call'
  rack (1.5.5) lib/rack/sendfile.rb:112:in `call'
  railties (4.1.12) lib/rails/engine.rb:514:in `call'
  railties (4.1.12) lib/rails/application.rb:144:in `call'
  rack (1.5.5) lib/rack/lock.rb:17:in `call'
  rack (1.5.5) lib/rack/content_length.rb:14:in `call'
  rack (1.5.5) lib/rack/handler/webrick.rb:60:in `service'
  c:/Ruby23-x64/lib/ruby/2.3.0/webrick/httpserver.rb:140:in `service'
  c:/Ruby23-x64/lib/ruby/2.3.0/webrick/httpserver.rb:96:in `run'
  c:/Ruby23-x64/lib/ruby/2.3.0/webrick/server.rb:296:in `block in start_thread'


  Rendered c:/Ruby23-x64/lib/ruby/gems/2.3.0/gems/actionpack-4.1.12/lib/action_dispatch/middleware/templates/rescues/_source.erb (1.0ms)
  Rendered c:/Ruby23-x64/lib/ruby/gems/2.3.0/gems/actionpack-4.1.12/lib/action_dispatch/middleware/templates/rescues/_trace.html.erb (0.0ms)
  Rendered c:/Ruby23-x64/lib/ruby/gems/2.3.0/gems/actionpack-4.1.12/lib/action_dispatch/middleware/templates/rescues/_request_and_response.html.erb (0.0ms)
  Rendered c:/Ruby23-x64/lib/ruby/gems/2.3.0/gems/actionpack-4.1.12/lib/action_dispatch/middleware/templates/rescues/diagnostics.erb within rescues/layout (791.1ms)


Started GET "/" for 127.0.0.1 at 2019-10-16 13:42:03 +0530

ActiveRecord::ConnectionNotEstablished (ActiveRecord::ConnectionNotEstablished):
  activerecord (4.1.12) lib/active_record/connection_adapters/abstract/connection_pool.rb:541:in `retrieve_connection'
  activerecord (4.1.12) lib/active_record/connection_handling.rb:113:in `retrieve_connection'
  activerecord (4.1.12) lib/active_record/connection_handling.rb:87:in `connection'
  activerecord (4.1.12) lib/active_record/query_cache.rb:51:in `restore_query_cache_settings'
  activerecord (4.1.12) lib/active_record/query_cache.rb:43:in `rescue in call'
  activerecord (4.1.12) lib/active_record/query_cache.rb:32:in `call'
  activerecord (4.1.12) lib/active_record/connection_adapters/abstract/connection_pool.rb:621:in `call'
  activerecord (4.1.12) lib/active_record/migration.rb:380:in `call'
  actionpack (4.1.12) lib/action_dispatch/middleware/callbacks.rb:29:in `block in call'
  activesupport (4.1.12) lib/active_support/callbacks.rb:82:in `run_callbacks'
  actionpack (4.1.12) lib/action_dispatch/middleware/callbacks.rb:27:in `call'
  actionpack (4.1.12) lib/action_dispatch/middleware/reloader.rb:73:in `call'
  actionpack (4.1.12) lib/action_dispatch/middleware/remote_ip.rb:76:in `call'
  actionpack (4.1.12) lib/action_dispatch/middleware/debug_exceptions.rb:17:in `call'
  actionpack (4.1.12) lib/action_dispatch/middleware/show_exceptions.rb:30:in `call'
  railties (4.1.12) lib/rails/rack/logger.rb:38:in `call_app'
  railties (4.1.12) lib/rails/rack/logger.rb:20:in `block in call'
  activesupport (4.1.12) lib/active_support/tagged_logging.rb:68:in `block in tagged'
  activesupport (4.1.12) lib/active_support/tagged_logging.rb:26:in `tagged'
  activesupport (4.1.12) lib/active_support/tagged_logging.rb:68:in `tagged'
  railties (4.1.12) lib/rails/rack/logger.rb:20:in `call'
  actionpack (4.1.12) lib/action_dispatch/middleware/request_id.rb:21:in `call'
  rack (1.5.5) lib/rack/methodoverride.rb:21:in `call'
  rack (1.5.5) lib/rack/runtime.rb:17:in `call'
  activesupport (4.1.12) lib/active_support/cache/strategy/local_cache_middleware.rb:26:in `call'
  rack (1.5.5) lib/rack/lock.rb:17:in `call'
  actionpack (4.1.12) lib/action_dispatch/middleware/static.rb:84:in `call'
  rack (1.5.5) lib/rack/sendfile.rb:112:in `call'
  railties (4.1.12) lib/rails/engine.rb:514:in `call'
  railties (4.1.12) lib/rails/application.rb:144:in `call'
  rack (1.5.5) lib/rack/lock.rb:17:in `call'
  rack (1.5.5) lib/rack/content_length.rb:14:in `call'
  rack (1.5.5) lib/rack/handler/webrick.rb:60:in `service'
  c:/Ruby23-x64/lib/ruby/2.3.0/webrick/httpserver.rb:140:in `service'
  c:/Ruby23-x64/lib/ruby/2.3.0/webrick/httpserver.rb:96:in `run'
  c:/Ruby23-x64/lib/ruby/2.3.0/webrick/server.rb:296:in `block in start_thread'


  Rendered c:/Ruby23-x64/lib/ruby/gems/2.3.0/gems/actionpack-4.1.12/lib/action_dispatch/middleware/templates/rescues/_source.erb (0.0ms)
  Rendered c:/Ruby23-x64/lib/ruby/gems/2.3.0/gems/actionpack-4.1.12/lib/action_dispatch/middleware/templates/rescues/_trace.html.erb (1.0ms)
  Rendered c:/Ruby23-x64/lib/ruby/gems/2.3.0/gems/actionpack-4.1.12/lib/action_dispatch/middleware/templates/rescues/_request_and_response.html.erb (1.0ms)
  Rendered c:/Ruby23-x64/lib/ruby/gems/2.3.0/gems/actionpack-4.1.12/lib/action_dispatch/middleware/templates/rescues/diagnostics.erb within rescues/layout (734.6ms)


Started GET "/" for 127.0.0.1 at 2019-10-16 13:42:17 +0530

ActiveRecord::ConnectionNotEstablished (ActiveRecord::ConnectionNotEstablished):
  activerecord (4.1.12) lib/active_record/connection_adapters/abstract/connection_pool.rb:541:in `retrieve_connection'
  activerecord (4.1.12) lib/active_record/connection_handling.rb:113:in `retrieve_connection'
  activerecord (4.1.12) lib/active_record/connection_handling.rb:87:in `connection'
  activerecord (4.1.12) lib/active_record/query_cache.rb:51:in `restore_query_cache_settings'
  activerecord (4.1.12) lib/active_record/query_cache.rb:43:in `rescue in call'
  activerecord (4.1.12) lib/active_record/query_cache.rb:32:in `call'
  activerecord (4.1.12) lib/active_record/connection_adapters/abstract/connection_pool.rb:621:in `call'
  activerecord (4.1.12) lib/active_record/migration.rb:380:in `call'
  actionpack (4.1.12) lib/action_dispatch/middleware/callbacks.rb:29:in `block in call'
  activesupport (4.1.12) lib/active_support/callbacks.rb:82:in `run_callbacks'
  actionpack (4.1.12) lib/action_dispatch/middleware/callbacks.rb:27:in `call'
  actionpack (4.1.12) lib/action_dispatch/middleware/reloader.rb:73:in `call'
  actionpack (4.1.12) lib/action_dispatch/middleware/remote_ip.rb:76:in `call'
  actionpack (4.1.12) lib/action_dispatch/middleware/debug_exceptions.rb:17:in `call'
  actionpack (4.1.12) lib/action_dispatch/middleware/show_exceptions.rb:30:in `call'
  railties (4.1.12) lib/rails/rack/logger.rb:38:in `call_app'
  railties (4.1.12) lib/rails/rack/logger.rb:20:in `block in call'
  activesupport (4.1.12) lib/active_support/tagged_logging.rb:68:in `block in tagged'
  activesupport (4.1.12) lib/active_support/tagged_logging.rb:26:in `tagged'
  activesupport (4.1.12) lib/active_support/tagged_logging.rb:68:in `tagged'
  railties (4.1.12) lib/rails/rack/logger.rb:20:in `call'
  actionpack (4.1.12) lib/action_dispatch/middleware/request_id.rb:21:in `call'
  rack (1.5.5) lib/rack/methodoverride.rb:21:in `call'
  rack (1.5.5) lib/rack/runtime.rb:17:in `call'
  activesupport (4.1.12) lib/active_support/cache/strategy/local_cache_middleware.rb:26:in `call'
  rack (1.5.5) lib/rack/lock.rb:17:in `call'
  actionpack (4.1.12) lib/action_dispatch/middleware/static.rb:84:in `call'
  rack (1.5.5) lib/rack/sendfile.rb:112:in `call'
  railties (4.1.12) lib/rails/engine.rb:514:in `call'
  railties (4.1.12) lib/rails/application.rb:144:in `call'
  rack (1.5.5) lib/rack/lock.rb:17:in `call'
  rack (1.5.5) lib/rack/content_length.rb:14:in `call'
  rack (1.5.5) lib/rack/handler/webrick.rb:60:in `service'
  c:/Ruby23-x64/lib/ruby/2.3.0/webrick/httpserver.rb:140:in `service'
  c:/Ruby23-x64/lib/ruby/2.3.0/webrick/httpserver.rb:96:in `run'
  c:/Ruby23-x64/lib/ruby/2.3.0/webrick/server.rb:296:in `block in start_thread'


  Rendered c:/Ruby23-x64/lib/ruby/gems/2.3.0/gems/actionpack-4.1.12/lib/action_dispatch/middleware/templates/rescues/_source.erb (1.0ms)
  Rendered c:/Ruby23-x64/lib/ruby/gems/2.3.0/gems/actionpack-4.1.12/lib/action_dispatch/middleware/templates/rescues/_trace.html.erb (1.0ms)
  Rendered c:/Ruby23-x64/lib/ruby/gems/2.3.0/gems/actionpack-4.1.12/lib/action_dispatch/middleware/templates/rescues/_request_and_response.html.erb (4.0ms)
  Rendered c:/Ruby23-x64/lib/ruby/gems/2.3.0/gems/actionpack-4.1.12/lib/action_dispatch/middleware/templates/rescues/diagnostics.erb within rescues/layout (747.0ms)


Started GET "/" for 127.0.0.1 at 2019-10-16 13:46:23 +0530

ActiveRecord::ConnectionNotEstablished (ActiveRecord::ConnectionNotEstablished):
  activerecord (4.1.12) lib/active_record/connection_adapters/abstract/connection_pool.rb:541:in `retrieve_connection'
  activerecord (4.1.12) lib/active_record/connection_handling.rb:113:in `retrieve_connection'
  activerecord (4.1.12) lib/active_record/connection_handling.rb:87:in `connection'
  activerecord (4.1.12) lib/active_record/query_cache.rb:51:in `restore_query_cache_settings'
  activerecord (4.1.12) lib/active_record/query_cache.rb:43:in `rescue in call'
  activerecord (4.1.12) lib/active_record/query_cache.rb:32:in `call'
  activerecord (4.1.12) lib/active_record/connection_adapters/abstract/connection_pool.rb:621:in `call'
  activerecord (4.1.12) lib/active_record/migration.rb:380:in `call'
  actionpack (4.1.12) lib/action_dispatch/middleware/callbacks.rb:29:in `block in call'
  activesupport (4.1.12) lib/active_support/callbacks.rb:82:in `run_callbacks'
  actionpack (4.1.12) lib/action_dispatch/middleware/callbacks.rb:27:in `call'
  actionpack (4.1.12) lib/action_dispatch/middleware/reloader.rb:73:in `call'
  actionpack (4.1.12) lib/action_dispatch/middleware/remote_ip.rb:76:in `call'
  actionpack (4.1.12) lib/action_dispatch/middleware/debug_exceptions.rb:17:in `call'
  actionpack (4.1.12) lib/action_dispatch/middleware/show_exceptions.rb:30:in `call'
  railties (4.1.12) lib/rails/rack/logger.rb:38:in `call_app'
  railties (4.1.12) lib/rails/rack/logger.rb:20:in `block in call'
  activesupport (4.1.12) lib/active_support/tagged_logging.rb:68:in `block in tagged'
  activesupport (4.1.12) lib/active_support/tagged_logging.rb:26:in `tagged'
  activesupport (4.1.12) lib/active_support/tagged_logging.rb:68:in `tagged'
  railties (4.1.12) lib/rails/rack/logger.rb:20:in `call'
  actionpack (4.1.12) lib/action_dispatch/middleware/request_id.rb:21:in `call'
  rack (1.5.5) lib/rack/methodoverride.rb:21:in `call'
  rack (1.5.5) lib/rack/runtime.rb:17:in `call'
  activesupport (4.1.12) lib/active_support/cache/strategy/local_cache_middleware.rb:26:in `call'
  rack (1.5.5) lib/rack/lock.rb:17:in `call'
  actionpack (4.1.12) lib/action_dispatch/middleware/static.rb:84:in `call'
  rack (1.5.5) lib/rack/sendfile.rb:112:in `call'
  railties (4.1.12) lib/rails/engine.rb:514:in `call'
  railties (4.1.12) lib/rails/application.rb:144:in `call'
  rack (1.5.5) lib/rack/lock.rb:17:in `call'
  rack (1.5.5) lib/rack/content_length.rb:14:in `call'
  rack (1.5.5) lib/rack/handler/webrick.rb:60:in `service'
  c:/Ruby23-x64/lib/ruby/2.3.0/webrick/httpserver.rb:140:in `service'
  c:/Ruby23-x64/lib/ruby/2.3.0/webrick/httpserver.rb:96:in `run'
  c:/Ruby23-x64/lib/ruby/2.3.0/webrick/server.rb:296:in `block in start_thread'


  Rendered c:/Ruby23-x64/lib/ruby/gems/2.3.0/gems/actionpack-4.1.12/lib/action_dispatch/middleware/templates/rescues/_source.erb (0.0ms)
  Rendered c:/Ruby23-x64/lib/ruby/gems/2.3.0/gems/actionpack-4.1.12/lib/action_dispatch/middleware/templates/rescues/_trace.html.erb (0.0ms)
  Rendered c:/Ruby23-x64/lib/ruby/gems/2.3.0/gems/actionpack-4.1.12/lib/action_dispatch/middleware/templates/rescues/_request_and_response.html.erb (1.0ms)
  Rendered c:/Ruby23-x64/lib/ruby/gems/2.3.0/gems/actionpack-4.1.12/lib/action_dispatch/middleware/templates/rescues/diagnostics.erb within rescues/layout (756.0ms)
  [1m[36m (29.4ms)[0m  [1mCREATE TABLE "schema_migrations" ("version" character varying(255) NOT NULL) [0m
  [1m[35m (29.3ms)[0m  CREATE UNIQUE INDEX  "unique_schema_migrations" ON "schema_migrations"  ("version")
  [1m[36mActiveRecord::SchemaMigration Load (1.0ms)[0m  [1mSELECT "schema_migrations".* FROM "schema_migrations"[0m


Started GET "/" for 127.0.0.1 at 2019-10-16 16:35:42 +0530
Processing by Rails::WelcomeController#index as HTML
  Rendered c:/Ruby23-x64/lib/ruby/gems/2.3.0/gems/railties-4.1.12/lib/rails/templates/rails/welcome/index.html.erb (16.7ms)
Completed 200 OK in 164ms (Views: 138.3ms | ActiveRecord: 0.0ms)
  [1m[36mActiveRecord::SchemaMigration Load (3.0ms)[0m  [1mSELECT "schema_migrations".* FROM "schema_migrations"[0m
Migrating to CreateArticles (20191016110845)
  [1m[35m (0.0ms)[0m  BEGIN
  [1m[36m (73.3ms)[0m  [1mCREATE TABLE "articles" ("id" serial primary key, "title" character varying(255), "body" text, "created_at" timestamp, "updated_at" timestamp) [0m
  [1m[35mSQL (1.0ms)[0m  INSERT INTO "schema_migrations" ("version") VALUES ($1)  [["version", "20191016110845"]]
  [1m[36m (2.0ms)[0m  [1mCOMMIT[0m
  [1m[35mActiveRecord::SchemaMigration Load (0.3ms)[0m  SELECT "schema_migrations".* FROM "schema_migrations"
  [1m[36mActiveRecord::SchemaMigration Load (1.0ms)[0m  [1mSELECT "schema_migrations".* FROM "schema_migrations"[0m
  [1m[36mActiveRecord::SchemaMigration Load (1.0ms)[0m  [1mSELECT "schema_migrations".* FROM "schema_migrations"[0m
  [1m[36mActiveRecord::SchemaMigration Load (0.0ms)[0m  [1mSELECT "schema_migrations".* FROM "schema_migrations"[0m
  [1m[35m (0.0ms)[0m  BEGIN
  [1m[36mSQL (6.0ms)[0m  [1mINSERT INTO "articles" ("body", "created_at", "title", "updated_at") VALUES ($1, $2, $3, $4) RETURNING "id"[0m  [["body", "Porro voluptate quos incidunt."], ["created_at", "2019-10-16 11:27:36.108995"], ["title", "The Golden Apples of the Sun"], ["updated_at", "2019-10-16 11:27:36.108995"]]
  [1m[35m (1.0ms)[0m  COMMIT
  [1m[36m (0.0ms)[0m  [1mBEGIN[0m
  [1m[35mSQL (0.0ms)[0m  INSERT INTO "articles" ("body", "created_at", "title", "updated_at") VALUES ($1, $2, $3, $4) RETURNING "id"  [["body", "In corporis mollitia et."], ["created_at", "2019-10-16 11:27:36.134138"], ["title", "Nectar in a Sieve"], ["updated_at", "2019-10-16 11:27:36.134138"]]
  [1m[36m (1.0ms)[0m  [1mCOMMIT[0m
  [1m[35m (0.0ms)[0m  BEGIN
  [1m[36mSQL (0.0ms)[0m  [1mINSERT INTO "articles" ("body", "created_at", "title", "updated_at") VALUES ($1, $2, $3, $4) RETURNING "id"[0m  [["body", "Adipisci repudiandae eaque natus."], ["created_at", "2019-10-16 11:27:36.136101"], ["title", "Terrible Swift Sword"], ["updated_at", "2019-10-16 11:27:36.136101"]]
  [1m[35m (0.0ms)[0m  COMMIT
  [1m[36m (0.0ms)[0m  [1mBEGIN[0m
  [1m[35mSQL (1.0ms)[0m  INSERT INTO "articles" ("body", "created_at", "title", "updated_at") VALUES ($1, $2, $3, $4) RETURNING "id"  [["body", "Ad accusantium dolorem ut."], ["created_at", "2019-10-16 11:27:36.138126"], ["title", "The Wives of Bath"], ["updated_at", "2019-10-16 11:27:36.138126"]]
  [1m[36m (0.6ms)[0m  [1mCOMMIT[0m
  [1m[35m (0.0ms)[0m  BEGIN
  [1m[36mSQL (0.0ms)[0m  [1mINSERT INTO "articles" ("body", "created_at", "title", "updated_at") VALUES ($1, $2, $3, $4) RETURNING "id"[0m  [["body", "Dolorem similique veniam maiores."], ["created_at", "2019-10-16 11:27:36.139684"], ["title", "Moab Is My Washpot"], ["updated_at", "2019-10-16 11:27:36.139684"]]
  [1m[35m (0.0ms)[0m  COMMIT


Started GET "/api/v1/articles" for 127.0.0.1 at 2019-10-16 17:27:34 +0530
  [1m[36mActiveRecord::SchemaMigration Load (1.0ms)[0m  [1mSELECT "schema_migrations".* FROM "schema_migrations"[0m
Processing by Api::V1::ArticlesController#index as */*
  [1m[35mArticle Load (1.0ms)[0m  SELECT "articles".* FROM "articles"   ORDER BY created_at DESC
Completed 500 Internal Server Error in 18ms (ActiveRecord: 0.0ms)

NameError (undefined local variable or method `articles' for #<Api::V1::ArticlesController:0x00000006dd5b20>
Did you mean?  @articles):
  app/controllers/api/v1/articles_controller.rb:6:in `index'


  Rendered c:/Ruby23-x64/lib/ruby/gems/2.3.0/gems/actionpack-4.1.12/lib/action_dispatch/middleware/templates/rescues/_source.erb (1.0ms)
  Rendered c:/Ruby23-x64/lib/ruby/gems/2.3.0/gems/actionpack-4.1.12/lib/action_dispatch/middleware/templates/rescues/_trace.html.erb (1.0ms)
  Rendered c:/Ruby23-x64/lib/ruby/gems/2.3.0/gems/actionpack-4.1.12/lib/action_dispatch/middleware/templates/rescues/_request_and_response.html.erb (1.0ms)
  Rendered c:/Ruby23-x64/lib/ruby/gems/2.3.0/gems/actionpack-4.1.12/lib/action_dispatch/middleware/templates/rescues/diagnostics.erb within rescues/layout (1050.8ms)


Started GET "/api/v1/articles" for 127.0.0.1 at 2019-10-16 17:28:06 +0530
Processing by Api::V1::ArticlesController#index as HTML
  [1m[36mArticle Load (1.0ms)[0m  [1mSELECT "articles".* FROM "articles"   ORDER BY created_at DESC[0m
Completed 500 Internal Server Error in 8ms (ActiveRecord: 0.0ms)

NameError (undefined local variable or method `articles' for #<Api::V1::ArticlesController:0x00000008a41610>
Did you mean?  @articles):
  app/controllers/api/v1/articles_controller.rb:6:in `index'


  Rendered c:/Ruby23-x64/lib/ruby/gems/2.3.0/gems/actionpack-4.1.12/lib/action_dispatch/middleware/templates/rescues/_source.erb (0.0ms)
  Rendered c:/Ruby23-x64/lib/ruby/gems/2.3.0/gems/actionpack-4.1.12/lib/action_dispatch/middleware/templates/rescues/_trace.html.erb (1.0ms)
  Rendered c:/Ruby23-x64/lib/ruby/gems/2.3.0/gems/actionpack-4.1.12/lib/action_dispatch/middleware/templates/rescues/_request_and_response.html.erb (0.0ms)
  Rendered c:/Ruby23-x64/lib/ruby/gems/2.3.0/gems/actionpack-4.1.12/lib/action_dispatch/middleware/templates/rescues/diagnostics.erb within rescues/layout (1007.3ms)


Started GET "/api/v1/articles" for 127.0.0.1 at 2019-10-16 17:29:01 +0530
Processing by Api::V1::ArticlesController#index as HTML
  [1m[35mArticle Load (0.0ms)[0m  SELECT "articles".* FROM "articles"   ORDER BY created_at DESC
Completed 200 OK in 9ms (Views: 4.1ms | ActiveRecord: 1.7ms)


Started GET "/api/v1/articles" for 127.0.0.1 at 2019-10-16 17:38:39 +0530
Processing by Api::V1::ArticlesController#index as */*
  [1m[36mArticle Load (1.0ms)[0m  [1mSELECT "articles".* FROM "articles"   ORDER BY created_at DESC[0m
Completed 200 OK in 3ms (Views: 1.9ms | ActiveRecord: 1.0ms)


Started GET "/api/v1/articles" for 127.0.0.1 at 2019-10-16 17:38:39 +0530
Processing by Api::V1::ArticlesController#index as HTML
  [1m[35mArticle Load (1.0ms)[0m  SELECT "articles".* FROM "articles"   ORDER BY created_at DESC
Completed 200 OK in 3ms (Views: 1.4ms | ActiveRecord: 1.0ms)


Started GET "/api/v1/articles/1" for 127.0.0.1 at 2019-10-16 17:41:40 +0530
  [1m[36mActiveRecord::SchemaMigration Load (1.0ms)[0m  [1mSELECT "schema_migrations".* FROM "schema_migrations"[0m
Processing by Api::V1::ArticlesController#show as */*
  Parameters: {"id"=>"1"}
  [1m[35mArticle Load (0.0ms)[0m  SELECT  "articles".* FROM "articles"  WHERE "articles"."id" = $1 LIMIT 1  [["id", 1]]
Completed 200 OK in 20ms (Views: 0.6ms | ActiveRecord: 2.0ms)


Started GET "/api/v1/articles/2" for 127.0.0.1 at 2019-10-16 17:41:48 +0530
Processing by Api::V1::ArticlesController#show as */*
  Parameters: {"id"=>"2"}
  [1m[36mArticle Load (0.0ms)[0m  [1mSELECT  "articles".* FROM "articles"  WHERE "articles"."id" = $1 LIMIT 1[0m  [["id", 2]]
Completed 200 OK in 2ms (Views: 0.4ms | ActiveRecord: 0.0ms)


Started GET "/api/v1/articles/3" for 127.0.0.1 at 2019-10-16 17:41:53 +0530
Processing by Api::V1::ArticlesController#show as */*
  Parameters: {"id"=>"3"}
  [1m[35mArticle Load (1.0ms)[0m  SELECT  "articles".* FROM "articles"  WHERE "articles"."id" = $1 LIMIT 1  [["id", 3]]
Completed 200 OK in 5ms (Views: 0.5ms | ActiveRecord: 1.0ms)


Started POST "/api/v1/articles/" for 127.0.0.1 at 2019-10-16 17:55:06 +0530
Processing by Api::V1::ArticlesController#create as */*
  Parameters: {"title"=>"Sherlock Holmes", "body"=>"Crime, thriller", "article"=>{"title"=>"Sherlock Holmes", "body"=>"Crime, thriller"}}
Can't verify CSRF token authenticity
Completed 422 Unprocessable Entity in 3ms (ActiveRecord: 2.0ms)

ActionController::InvalidAuthenticityToken (ActionController::InvalidAuthenticityToken):
  actionpack (4.1.12) lib/action_controller/metal/request_forgery_protection.rb:176:in `handle_unverified_request'
  actionpack (4.1.12) lib/action_controller/metal/request_forgery_protection.rb:202:in `handle_unverified_request'
  actionpack (4.1.12) lib/action_controller/metal/request_forgery_protection.rb:197:in `verify_authenticity_token'
  activesupport (4.1.12) lib/active_support/callbacks.rb:429:in `block in make_lambda'
  activesupport (4.1.12) lib/active_support/callbacks.rb:161:in `block in halting'
  activesupport (4.1.12) lib/active_support/callbacks.rb:501:in `block in call'
  activesupport (4.1.12) lib/active_support/callbacks.rb:501:in `each'
  activesupport (4.1.12) lib/active_support/callbacks.rb:501:in `call'
  activesupport (4.1.12) lib/active_support/callbacks.rb:86:in `run_callbacks'
  actionpack (4.1.12) lib/abstract_controller/callbacks.rb:19:in `process_action'
  actionpack (4.1.12) lib/action_controller/metal/rescue.rb:29:in `process_action'
  actionpack (4.1.12) lib/action_controller/metal/instrumentation.rb:32:in `block in process_action'
  activesupport (4.1.12) lib/active_support/notifications.rb:159:in `block in instrument'
  activesupport (4.1.12) lib/active_support/notifications/instrumenter.rb:20:in `instrument'
  activesupport (4.1.12) lib/active_support/notifications.rb:159:in `instrument'
  actionpack (4.1.12) lib/action_controller/metal/instrumentation.rb:30:in `process_action'
  actionpack (4.1.12) lib/action_controller/metal/params_wrapper.rb:250:in `process_action'
  activerecord (4.1.12) lib/active_record/railties/controller_runtime.rb:18:in `process_action'
  actionpack (4.1.12) lib/abstract_controller/base.rb:136:in `process'
  actionview (4.1.12) lib/action_view/rendering.rb:30:in `process'
  actionpack (4.1.12) lib/action_controller/metal.rb:196:in `dispatch'
  actionpack (4.1.12) lib/action_controller/metal/rack_delegation.rb:13:in `dispatch'
  actionpack (4.1.12) lib/action_controller/metal.rb:232:in `block in action'
  actionpack (4.1.12) lib/action_dispatch/routing/route_set.rb:82:in `dispatch'
  actionpack (4.1.12) lib/action_dispatch/routing/route_set.rb:50:in `call'
  actionpack (4.1.12) lib/action_dispatch/journey/router.rb:73:in `block in call'
  actionpack (4.1.12) lib/action_dispatch/journey/router.rb:59:in `each'
  actionpack (4.1.12) lib/action_dispatch/journey/router.rb:59:in `call'
  actionpack (4.1.12) lib/action_dispatch/routing/route_set.rb:692:in `call'
  rack (1.5.5) lib/rack/etag.rb:23:in `call'
  rack (1.5.5) lib/rack/conditionalget.rb:35:in `call'
  rack (1.5.5) lib/rack/head.rb:11:in `call'
  actionpack (4.1.12) lib/action_dispatch/middleware/params_parser.rb:27:in `call'
  actionpack (4.1.12) lib/action_dispatch/middleware/flash.rb:254:in `call'
  rack (1.5.5) lib/rack/session/abstract/id.rb:225:in `context'
  rack (1.5.5) lib/rack/session/abstract/id.rb:220:in `call'
  actionpack (4.1.12) lib/action_dispatch/middleware/cookies.rb:562:in `call'
  activerecord (4.1.12) lib/active_record/query_cache.rb:36:in `call'
  activerecord (4.1.12) lib/active_record/connection_adapters/abstract/connection_pool.rb:621:in `call'
  activerecord (4.1.12) lib/active_record/migration.rb:380:in `call'
  actionpack (4.1.12) lib/action_dispatch/middleware/callbacks.rb:29:in `block in call'
  activesupport (4.1.12) lib/active_support/callbacks.rb:82:in `run_callbacks'
  actionpack (4.1.12) lib/action_dispatch/middleware/callbacks.rb:27:in `call'
  actionpack (4.1.12) lib/action_dispatch/middleware/reloader.rb:73:in `call'
  actionpack (4.1.12) lib/action_dispatch/middleware/remote_ip.rb:76:in `call'
  actionpack (4.1.12) lib/action_dispatch/middleware/debug_exceptions.rb:17:in `call'
  actionpack (4.1.12) lib/action_dispatch/middleware/show_exceptions.rb:30:in `call'
  railties (4.1.12) lib/rails/rack/logger.rb:38:in `call_app'
  railties (4.1.12) lib/rails/rack/logger.rb:20:in `block in call'
  activesupport (4.1.12) lib/active_support/tagged_logging.rb:68:in `block in tagged'
  activesupport (4.1.12) lib/active_support/tagged_logging.rb:26:in `tagged'
  activesupport (4.1.12) lib/active_support/tagged_logging.rb:68:in `tagged'
  railties (4.1.12) lib/rails/rack/logger.rb:20:in `call'
  actionpack (4.1.12) lib/action_dispatch/middleware/request_id.rb:21:in `call'
  rack (1.5.5) lib/rack/methodoverride.rb:21:in `call'
  rack (1.5.5) lib/rack/runtime.rb:17:in `call'
  activesupport (4.1.12) lib/active_support/cache/strategy/local_cache_middleware.rb:26:in `call'
  rack (1.5.5) lib/rack/lock.rb:17:in `call'
  actionpack (4.1.12) lib/action_dispatch/middleware/static.rb:84:in `call'
  rack (1.5.5) lib/rack/sendfile.rb:112:in `call'
  railties (4.1.12) lib/rails/engine.rb:514:in `call'
  railties (4.1.12) lib/rails/application.rb:144:in `call'
  rack (1.5.5) lib/rack/lock.rb:17:in `call'
  rack (1.5.5) lib/rack/content_length.rb:14:in `call'
  rack (1.5.5) lib/rack/handler/webrick.rb:60:in `service'
  c:/Ruby23-x64/lib/ruby/2.3.0/webrick/httpserver.rb:140:in `service'
  c:/Ruby23-x64/lib/ruby/2.3.0/webrick/httpserver.rb:96:in `run'
  c:/Ruby23-x64/lib/ruby/2.3.0/webrick/server.rb:296:in `block in start_thread'


  Rendered c:/Ruby23-x64/lib/ruby/gems/2.3.0/gems/actionpack-4.1.12/lib/action_dispatch/middleware/templates/rescues/_source.erb (0.0ms)
  Rendered c:/Ruby23-x64/lib/ruby/gems/2.3.0/gems/actionpack-4.1.12/lib/action_dispatch/middleware/templates/rescues/_trace.html.erb (1.0ms)
  Rendered c:/Ruby23-x64/lib/ruby/gems/2.3.0/gems/actionpack-4.1.12/lib/action_dispatch/middleware/templates/rescues/_request_and_response.html.erb (0.0ms)
  Rendered c:/Ruby23-x64/lib/ruby/gems/2.3.0/gems/actionpack-4.1.12/lib/action_dispatch/middleware/templates/rescues/diagnostics.erb within rescues/layout (1029.8ms)


Started POST "/api/v1/articles/" for 127.0.0.1 at 2019-10-16 17:58:05 +0530
Processing by Api::V1::ArticlesController#create as */*
  Parameters: {"title"=>"Sherlock Holmes", "body"=>"Crime, thriller", "article"=>{"title"=>"Sherlock Holmes", "body"=>"Crime, thriller"}}
Can't verify CSRF token authenticity
Completed 422 Unprocessable Entity in 4ms (ActiveRecord: 2.0ms)

ActionController::InvalidAuthenticityToken (ActionController::InvalidAuthenticityToken):
  actionpack (4.1.12) lib/action_controller/metal/request_forgery_protection.rb:176:in `handle_unverified_request'
  actionpack (4.1.12) lib/action_controller/metal/request_forgery_protection.rb:202:in `handle_unverified_request'
  actionpack (4.1.12) lib/action_controller/metal/request_forgery_protection.rb:197:in `verify_authenticity_token'
  activesupport (4.1.12) lib/active_support/callbacks.rb:429:in `block in make_lambda'
  activesupport (4.1.12) lib/active_support/callbacks.rb:161:in `block in halting'
  activesupport (4.1.12) lib/active_support/callbacks.rb:501:in `block in call'
  activesupport (4.1.12) lib/active_support/callbacks.rb:501:in `each'
  activesupport (4.1.12) lib/active_support/callbacks.rb:501:in `call'
  activesupport (4.1.12) lib/active_support/callbacks.rb:86:in `run_callbacks'
  actionpack (4.1.12) lib/abstract_controller/callbacks.rb:19:in `process_action'
  actionpack (4.1.12) lib/action_controller/metal/rescue.rb:29:in `process_action'
  actionpack (4.1.12) lib/action_controller/metal/instrumentation.rb:32:in `block in process_action'
  activesupport (4.1.12) lib/active_support/notifications.rb:159:in `block in instrument'
  activesupport (4.1.12) lib/active_support/notifications/instrumenter.rb:20:in `instrument'
  activesupport (4.1.12) lib/active_support/notifications.rb:159:in `instrument'
  actionpack (4.1.12) lib/action_controller/metal/instrumentation.rb:30:in `process_action'
  actionpack (4.1.12) lib/action_controller/metal/params_wrapper.rb:250:in `process_action'
  activerecord (4.1.12) lib/active_record/railties/controller_runtime.rb:18:in `process_action'
  actionpack (4.1.12) lib/abstract_controller/base.rb:136:in `process'
  actionview (4.1.12) lib/action_view/rendering.rb:30:in `process'
  actionpack (4.1.12) lib/action_controller/metal.rb:196:in `dispatch'
  actionpack (4.1.12) lib/action_controller/metal/rack_delegation.rb:13:in `dispatch'
  actionpack (4.1.12) lib/action_controller/metal.rb:232:in `block in action'
  actionpack (4.1.12) lib/action_dispatch/routing/route_set.rb:82:in `dispatch'
  actionpack (4.1.12) lib/action_dispatch/routing/route_set.rb:50:in `call'
  actionpack (4.1.12) lib/action_dispatch/journey/router.rb:73:in `block in call'
  actionpack (4.1.12) lib/action_dispatch/journey/router.rb:59:in `each'
  actionpack (4.1.12) lib/action_dispatch/journey/router.rb:59:in `call'
  actionpack (4.1.12) lib/action_dispatch/routing/route_set.rb:692:in `call'
  rack (1.5.5) lib/rack/etag.rb:23:in `call'
  rack (1.5.5) lib/rack/conditionalget.rb:35:in `call'
  rack (1.5.5) lib/rack/head.rb:11:in `call'
  actionpack (4.1.12) lib/action_dispatch/middleware/params_parser.rb:27:in `call'
  actionpack (4.1.12) lib/action_dispatch/middleware/flash.rb:254:in `call'
  rack (1.5.5) lib/rack/session/abstract/id.rb:225:in `context'
  rack (1.5.5) lib/rack/session/abstract/id.rb:220:in `call'
  actionpack (4.1.12) lib/action_dispatch/middleware/cookies.rb:562:in `call'
  activerecord (4.1.12) lib/active_record/query_cache.rb:36:in `call'
  activerecord (4.1.12) lib/active_record/connection_adapters/abstract/connection_pool.rb:621:in `call'
  activerecord (4.1.12) lib/active_record/migration.rb:380:in `call'
  actionpack (4.1.12) lib/action_dispatch/middleware/callbacks.rb:29:in `block in call'
  activesupport (4.1.12) lib/active_support/callbacks.rb:82:in `run_callbacks'
  actionpack (4.1.12) lib/action_dispatch/middleware/callbacks.rb:27:in `call'
  actionpack (4.1.12) lib/action_dispatch/middleware/reloader.rb:73:in `call'
  actionpack (4.1.12) lib/action_dispatch/middleware/remote_ip.rb:76:in `call'
  actionpack (4.1.12) lib/action_dispatch/middleware/debug_exceptions.rb:17:in `call'
  actionpack (4.1.12) lib/action_dispatch/middleware/show_exceptions.rb:30:in `call'
  railties (4.1.12) lib/rails/rack/logger.rb:38:in `call_app'
  railties (4.1.12) lib/rails/rack/logger.rb:20:in `block in call'
  activesupport (4.1.12) lib/active_support/tagged_logging.rb:68:in `block in tagged'
  activesupport (4.1.12) lib/active_support/tagged_logging.rb:26:in `tagged'
  activesupport (4.1.12) lib/active_support/tagged_logging.rb:68:in `tagged'
  railties (4.1.12) lib/rails/rack/logger.rb:20:in `call'
  actionpack (4.1.12) lib/action_dispatch/middleware/request_id.rb:21:in `call'
  rack (1.5.5) lib/rack/methodoverride.rb:21:in `call'
  rack (1.5.5) lib/rack/runtime.rb:17:in `call'
  activesupport (4.1.12) lib/active_support/cache/strategy/local_cache_middleware.rb:26:in `call'
  rack (1.5.5) lib/rack/lock.rb:17:in `call'
  actionpack (4.1.12) lib/action_dispatch/middleware/static.rb:84:in `call'
  rack (1.5.5) lib/rack/sendfile.rb:112:in `call'
  railties (4.1.12) lib/rails/engine.rb:514:in `call'
  railties (4.1.12) lib/rails/application.rb:144:in `call'
  rack (1.5.5) lib/rack/lock.rb:17:in `call'
  rack (1.5.5) lib/rack/content_length.rb:14:in `call'
  rack (1.5.5) lib/rack/handler/webrick.rb:60:in `service'
  c:/Ruby23-x64/lib/ruby/2.3.0/webrick/httpserver.rb:140:in `service'
  c:/Ruby23-x64/lib/ruby/2.3.0/webrick/httpserver.rb:96:in `run'
  c:/Ruby23-x64/lib/ruby/2.3.0/webrick/server.rb:296:in `block in start_thread'


  Rendered c:/Ruby23-x64/lib/ruby/gems/2.3.0/gems/actionpack-4.1.12/lib/action_dispatch/middleware/templates/rescues/_source.erb (3.0ms)
  Rendered c:/Ruby23-x64/lib/ruby/gems/2.3.0/gems/actionpack-4.1.12/lib/action_dispatch/middleware/templates/rescues/_trace.html.erb (0.0ms)
  Rendered c:/Ruby23-x64/lib/ruby/gems/2.3.0/gems/actionpack-4.1.12/lib/action_dispatch/middleware/templates/rescues/_request_and_response.html.erb (1.0ms)
  Rendered c:/Ruby23-x64/lib/ruby/gems/2.3.0/gems/actionpack-4.1.12/lib/action_dispatch/middleware/templates/rescues/diagnostics.erb within rescues/layout (992.3ms)


Started GET "/api/v1/articles/" for 127.0.0.1 at 2019-10-16 17:59:01 +0530
Processing by Api::V1::ArticlesController#index as */*
  Parameters: {"article"=>{}}
  [1m[36mArticle Load (1.0ms)[0m  [1mSELECT "articles".* FROM "articles"   ORDER BY created_at DESC[0m
Completed 200 OK in 6ms (Views: 5.9ms | ActiveRecord: 1.0ms)


Started POST "/api/v1/articles" for 127.0.0.1 at 2019-10-16 18:01:48 +0530
Processing by Api::V1::ArticlesController#create as */*
  Parameters: {"title"=>"Sherlock Holmes", "body"=>"Crime Thriller Suspense", "article"=>{"title"=>"Sherlock Holmes", "body"=>"Crime Thriller Suspense"}}
Can't verify CSRF token authenticity
Completed 422 Unprocessable Entity in 4ms (ActiveRecord: 0.0ms)

ActionController::InvalidAuthenticityToken (ActionController::InvalidAuthenticityToken):
  actionpack (4.1.12) lib/action_controller/metal/request_forgery_protection.rb:176:in `handle_unverified_request'
  actionpack (4.1.12) lib/action_controller/metal/request_forgery_protection.rb:202:in `handle_unverified_request'
  actionpack (4.1.12) lib/action_controller/metal/request_forgery_protection.rb:197:in `verify_authenticity_token'
  activesupport (4.1.12) lib/active_support/callbacks.rb:429:in `block in make_lambda'
  activesupport (4.1.12) lib/active_support/callbacks.rb:161:in `block in halting'
  activesupport (4.1.12) lib/active_support/callbacks.rb:501:in `block in call'
  activesupport (4.1.12) lib/active_support/callbacks.rb:501:in `each'
  activesupport (4.1.12) lib/active_support/callbacks.rb:501:in `call'
  activesupport (4.1.12) lib/active_support/callbacks.rb:86:in `run_callbacks'
  actionpack (4.1.12) lib/abstract_controller/callbacks.rb:19:in `process_action'
  actionpack (4.1.12) lib/action_controller/metal/rescue.rb:29:in `process_action'
  actionpack (4.1.12) lib/action_controller/metal/instrumentation.rb:32:in `block in process_action'
  activesupport (4.1.12) lib/active_support/notifications.rb:159:in `block in instrument'
  activesupport (4.1.12) lib/active_support/notifications/instrumenter.rb:20:in `instrument'
  activesupport (4.1.12) lib/active_support/notifications.rb:159:in `instrument'
  actionpack (4.1.12) lib/action_controller/metal/instrumentation.rb:30:in `process_action'
  actionpack (4.1.12) lib/action_controller/metal/params_wrapper.rb:250:in `process_action'
  activerecord (4.1.12) lib/active_record/railties/controller_runtime.rb:18:in `process_action'
  actionpack (4.1.12) lib/abstract_controller/base.rb:136:in `process'
  actionview (4.1.12) lib/action_view/rendering.rb:30:in `process'
  actionpack (4.1.12) lib/action_controller/metal.rb:196:in `dispatch'
  actionpack (4.1.12) lib/action_controller/metal/rack_delegation.rb:13:in `dispatch'
  actionpack (4.1.12) lib/action_controller/metal.rb:232:in `block in action'
  actionpack (4.1.12) lib/action_dispatch/routing/route_set.rb:82:in `dispatch'
  actionpack (4.1.12) lib/action_dispatch/routing/route_set.rb:50:in `call'
  actionpack (4.1.12) lib/action_dispatch/journey/router.rb:73:in `block in call'
  actionpack (4.1.12) lib/action_dispatch/journey/router.rb:59:in `each'
  actionpack (4.1.12) lib/action_dispatch/journey/router.rb:59:in `call'
  actionpack (4.1.12) lib/action_dispatch/routing/route_set.rb:692:in `call'
  rack (1.5.5) lib/rack/etag.rb:23:in `call'
  rack (1.5.5) lib/rack/conditionalget.rb:35:in `call'
  rack (1.5.5) lib/rack/head.rb:11:in `call'
  actionpack (4.1.12) lib/action_dispatch/middleware/params_parser.rb:27:in `call'
  actionpack (4.1.12) lib/action_dispatch/middleware/flash.rb:254:in `call'
  rack (1.5.5) lib/rack/session/abstract/id.rb:225:in `context'
  rack (1.5.5) lib/rack/session/abstract/id.rb:220:in `call'
  actionpack (4.1.12) lib/action_dispatch/middleware/cookies.rb:562:in `call'
  activerecord (4.1.12) lib/active_record/query_cache.rb:36:in `call'
  activerecord (4.1.12) lib/active_record/connection_adapters/abstract/connection_pool.rb:621:in `call'
  activerecord (4.1.12) lib/active_record/migration.rb:380:in `call'
  actionpack (4.1.12) lib/action_dispatch/middleware/callbacks.rb:29:in `block in call'
  activesupport (4.1.12) lib/active_support/callbacks.rb:82:in `run_callbacks'
  actionpack (4.1.12) lib/action_dispatch/middleware/callbacks.rb:27:in `call'
  actionpack (4.1.12) lib/action_dispatch/middleware/reloader.rb:73:in `call'
  actionpack (4.1.12) lib/action_dispatch/middleware/remote_ip.rb:76:in `call'
  actionpack (4.1.12) lib/action_dispatch/middleware/debug_exceptions.rb:17:in `call'
  actionpack (4.1.12) lib/action_dispatch/middleware/show_exceptions.rb:30:in `call'
  railties (4.1.12) lib/rails/rack/logger.rb:38:in `call_app'
  railties (4.1.12) lib/rails/rack/logger.rb:20:in `block in call'
  activesupport (4.1.12) lib/active_support/tagged_logging.rb:68:in `block in tagged'
  activesupport (4.1.12) lib/active_support/tagged_logging.rb:26:in `tagged'
  activesupport (4.1.12) lib/active_support/tagged_logging.rb:68:in `tagged'
  railties (4.1.12) lib/rails/rack/logger.rb:20:in `call'
  actionpack (4.1.12) lib/action_dispatch/middleware/request_id.rb:21:in `call'
  rack (1.5.5) lib/rack/methodoverride.rb:21:in `call'
  rack (1.5.5) lib/rack/runtime.rb:17:in `call'
  activesupport (4.1.12) lib/active_support/cache/strategy/local_cache_middleware.rb:26:in `call'
  rack (1.5.5) lib/rack/lock.rb:17:in `call'
  actionpack (4.1.12) lib/action_dispatch/middleware/static.rb:84:in `call'
  rack (1.5.5) lib/rack/sendfile.rb:112:in `call'
  railties (4.1.12) lib/rails/engine.rb:514:in `call'
  railties (4.1.12) lib/rails/application.rb:144:in `call'
  rack (1.5.5) lib/rack/lock.rb:17:in `call'
  rack (1.5.5) lib/rack/content_length.rb:14:in `call'
  rack (1.5.5) lib/rack/handler/webrick.rb:60:in `service'
  c:/Ruby23-x64/lib/ruby/2.3.0/webrick/httpserver.rb:140:in `service'
  c:/Ruby23-x64/lib/ruby/2.3.0/webrick/httpserver.rb:96:in `run'
  c:/Ruby23-x64/lib/ruby/2.3.0/webrick/server.rb:296:in `block in start_thread'


  Rendered c:/Ruby23-x64/lib/ruby/gems/2.3.0/gems/actionpack-4.1.12/lib/action_dispatch/middleware/templates/rescues/_source.erb (0.0ms)
  Rendered c:/Ruby23-x64/lib/ruby/gems/2.3.0/gems/actionpack-4.1.12/lib/action_dispatch/middleware/templates/rescues/_trace.html.erb (1.0ms)
  Rendered c:/Ruby23-x64/lib/ruby/gems/2.3.0/gems/actionpack-4.1.12/lib/action_dispatch/middleware/templates/rescues/_request_and_response.html.erb (1.0ms)
  Rendered c:/Ruby23-x64/lib/ruby/gems/2.3.0/gems/actionpack-4.1.12/lib/action_dispatch/middleware/templates/rescues/diagnostics.erb within rescues/layout (1001.7ms)


Started GET "/api/v1/articles" for 127.0.0.1 at 2019-10-16 18:02:09 +0530
Processing by Api::V1::ArticlesController#index as HTML
  [1m[35mArticle Load (0.0ms)[0m  SELECT "articles".* FROM "articles"   ORDER BY created_at DESC
Completed 200 OK in 6ms (Views: 5.4ms | ActiveRecord: 0.0ms)


Started POST "/api/v1/articles" for 127.0.0.1 at 2019-10-16 18:10:36 +0530
Processing by Api::V1::ArticlesController#create as */*
  Parameters: {"title"=>"Sherlock", "body"=>"Crime", "article"=>{"title"=>"Sherlock", "body"=>"Crime"}}
Can't verify CSRF token authenticity
Unpermitted parameters: article
  [1m[36m (1.0ms)[0m  [1mBEGIN[0m
  [1m[35mSQL (0.0ms)[0m  INSERT INTO "articles" ("body", "created_at", "title", "updated_at") VALUES ($1, $2, $3, $4) RETURNING "id"  [["body", "Crime"], ["created_at", "2019-10-16 12:40:36.947128"], ["title", "Sherlock"], ["updated_at", "2019-10-16 12:40:36.947128"]]
  [1m[36m (1.0ms)[0m  [1mCOMMIT[0m
Completed 200 OK in 15ms (Views: 2.9ms | ActiveRecord: 3.0ms)


Started GET "/api/v1/articles" for 127.0.0.1 at 2019-10-16 18:11:25 +0530
Processing by Api::V1::ArticlesController#index as */*
  Parameters: {"article"=>{}}
  [1m[35mArticle Load (1.0ms)[0m  SELECT "articles".* FROM "articles"   ORDER BY created_at DESC
Completed 200 OK in 6ms (Views: 4.5ms | ActiveRecord: 1.0ms)


Started DELETE "/api/v1/articles/6" for 127.0.0.1 at 2019-10-16 18:48:25 +0530
Processing by Api::V1::ArticlesController#destroy as */*
  Parameters: {"id"=>"6"}
Can't verify CSRF token authenticity
  [1m[36mArticle Load (0.0ms)[0m  [1mSELECT  "articles".* FROM "articles"  WHERE "articles"."id" = $1 LIMIT 1[0m  [["id", 6]]
  [1m[35m (0.0ms)[0m  BEGIN
  [1m[36mSQL (0.0ms)[0m  [1mDELETE FROM "articles" WHERE "articles"."id" = $1[0m  [["id", 6]]
  [1m[35m (3.0ms)[0m  COMMIT
Completed 200 OK in 18ms (Views: 0.6ms | ActiveRecord: 3.0ms)


Started PUT "/api/v1/articles/5" for 127.0.0.1 at 2019-10-16 18:53:53 +0530
Processing by Api::V1::ArticlesController#update as */*
  Parameters: {"title"=>"Updated Title is And then there were none", "body"=>"By Agatha Cistie", "id"=>"5", "article"=>{"title"=>"Updated Title is And then there were none", "body"=>"By Agatha Cistie"}}
Can't verify CSRF token authenticity
  [1m[36mArticle Load (0.0ms)[0m  [1mSELECT  "articles".* FROM "articles"  WHERE "articles"."id" = $1 LIMIT 1[0m  [["id", 5]]
Unpermitted parameters: id, article
  [1m[35m (0.0ms)[0m  BEGIN
  [1m[36mSQL (1.0ms)[0m  [1mUPDATE "articles" SET "body" = $1, "title" = $2, "updated_at" = $3 WHERE "articles"."id" = 5[0m  [["body", "By Agatha Cistie"], ["title", "Updated Title is And then there were none"], ["updated_at", "2019-10-16 13:23:54.110804"]]
  [1m[35m (21.4ms)[0m  COMMIT
Completed 200 OK in 37ms (Views: 0.5ms | ActiveRecord: 23.4ms)


Started GET "/api/v1/articles" for 127.0.0.1 at 2019-10-16 18:54:09 +0530
Processing by Api::V1::ArticlesController#index as */*
  [1m[36mArticle Load (0.0ms)[0m  [1mSELECT "articles".* FROM "articles"   ORDER BY created_at DESC[0m
Completed 200 OK in 6ms (Views: 4.8ms | ActiveRecord: 0.0ms)


Started GET "/" for 127.0.0.1 at 2019-10-17 14:41:06 +0530
  [1m[36mActiveRecord::SchemaMigration Load (0.0ms)[0m  [1mSELECT "schema_migrations".* FROM "schema_migrations"[0m
Processing by Rails::WelcomeController#index as HTML
  Rendered c:/Ruby23-x64/lib/ruby/gems/2.3.0/gems/railties-4.1.12/lib/rails/templates/rails/welcome/index.html.erb (0.0ms)
Completed 200 OK in 47ms (Views: 40.3ms | ActiveRecord: 0.0ms)


Started GET "/" for 127.0.0.1 at 2019-10-17 14:41:15 +0530
Processing by Rails::WelcomeController#index as HTML
  Rendered c:/Ruby23-x64/lib/ruby/gems/2.3.0/gems/railties-4.1.12/lib/rails/templates/rails/welcome/index.html.erb (0.0ms)
Completed 200 OK in 32ms (Views: 31.8ms | ActiveRecord: 0.0ms)


Started GET "/api/v1/articles" for 127.0.0.1 at 2019-10-17 14:42:02 +0530
Processing by Api::V1::ArticlesController#index as */*
  [1m[35mArticle Load (6.0ms)[0m  SELECT "articles".* FROM "articles"   ORDER BY created_at DESC
Completed 200 OK in 16ms (Views: 3.8ms | ActiveRecord: 8.6ms)
